[2026-04-01 11:37:32] === AI-RISA Pipeline: DRY RUN ===
[2026-04-01 11:37:32] Start time: 2026-04-01 11:37:32
[2026-04-01 11:37:32] Run folder: C:\ai_risa_data\runs\2026-04-01_113732
[2026-04-01 11:37:32] Formats: md docx pdf
[2026-04-01 11:37:32] Mode: dry-run (schedule+batch with --dry-run, others soft-skipped)
[2026-04-01 11:37:32] Executing: python .\run_full_pipeline_auto.py --dry-run --formats md --formats docx --formats pdf
[2026-04-01 11:37:32] Pipeline output:
[2026-04-01 11:37:32]   [DONE] Full pipeline run summary written: output\full_pipeline_run_summary.json, output\full_pipeline_run_summary.csv
[2026-04-01 11:37:32] Exit code: 0
[2026-04-01 11:37:32] Collecting artifacts...
[2026-04-01 11:37:32] Copied: full_pipeline_run_summary.json
[2026-04-01 11:37:32] Copied: upcoming_auto_summary.json
[2026-04-01 11:37:32] Copied: dependency_resolution_summary.json
[2026-04-01 11:37:32] Copied: prediction_queue_build_summary.json
[2026-04-01 11:37:32] Copied: prediction_queue_run_summary.json
[2026-04-01 11:37:32] Copied: event_batch_run_summary.json
[2026-04-01 11:37:32] Copied: upcoming_events_ingest_summary.json
[2026-04-01 11:37:32] Updating run index...
[2026-04-01 11:37:32] Run index updated: C:\ai_risa_data\runs\run_history_index.json (1 runs recorded)
[2026-04-01 11:37:32] === Execution complete ===
[2026-04-01 11:37:32] End time: 2026-04-01 11:37:32
[2026-04-01 11:37:32] Status: success
