[2026-04-01 13:03:10] === AI-RISA Pipeline: DRY RUN ===
[2026-04-01 13:03:10] Start time: 2026-04-01 13:03:10
[2026-04-01 13:03:10] Run folder: C:\ai_risa_data\runs\2026-04-01_130310
[2026-04-01 13:03:10] Formats: md docx pdf
[2026-04-01 13:03:10] Mode: dry-run (schedule+batch with --dry-run, others soft-skipped)
[2026-04-01 13:03:10] Executing: python .\run_full_pipeline_auto.py --dry-run --formats md --formats docx --formats pdf
[2026-04-01 13:03:10] Pipeline output:
[2026-04-01 13:03:10]   [DONE] Full pipeline run summary written: output\full_pipeline_run_summary.json, output\full_pipeline_run_summary.csv
[2026-04-01 13:03:10] Exit code: 0
[2026-04-01 13:03:10] Collecting artifacts...
[2026-04-01 13:03:10] Copied: full_pipeline_run_summary.json
[2026-04-01 13:03:10] Copied: upcoming_auto_summary.json
[2026-04-01 13:03:10] Copied: dependency_resolution_summary.json
[2026-04-01 13:03:10] Copied: prediction_queue_build_summary.json
[2026-04-01 13:03:10] Copied: prediction_queue_run_summary.json
[2026-04-01 13:03:10] Copied: event_batch_run_summary.json
[2026-04-01 13:03:10] Copied: upcoming_events_ingest_summary.json
[2026-04-01 13:03:10] Updating run index...
[2026-04-01 13:03:10] Run index updated: C:\ai_risa_data\runs\run_history_index.json (3 runs recorded)
[2026-04-01 13:03:10] === Execution complete ===
[2026-04-01 13:03:10] End time: 2026-04-01 13:03:10
[2026-04-01 13:03:10] Status: success
