[2026-04-01 12:25:52] === AI-RISA Pipeline: DRY RUN ===
[2026-04-01 12:25:52] Start time: 2026-04-01 12:25:52
[2026-04-01 12:25:52] Run folder: C:\ai_risa_data\runs\2026-04-01_122552
[2026-04-01 12:25:52] Formats: md docx pdf
[2026-04-01 12:25:52] Mode: dry-run (schedule+batch with --dry-run, others soft-skipped)
[2026-04-01 12:25:52] Executing: python .\run_full_pipeline_auto.py --dry-run --formats md --formats docx --formats pdf
[2026-04-01 12:25:53] Pipeline output:
[2026-04-01 12:25:53]   [DONE] Full pipeline run summary written: output\full_pipeline_run_summary.json, output\full_pipeline_run_summary.csv
[2026-04-01 12:25:53] Exit code: 0
[2026-04-01 12:25:53] Collecting artifacts...
[2026-04-01 12:25:53] Copied: full_pipeline_run_summary.json
[2026-04-01 12:25:53] Copied: upcoming_auto_summary.json
[2026-04-01 12:25:53] Copied: dependency_resolution_summary.json
[2026-04-01 12:25:53] Copied: prediction_queue_build_summary.json
[2026-04-01 12:25:53] Copied: prediction_queue_run_summary.json
[2026-04-01 12:25:53] Copied: event_batch_run_summary.json
[2026-04-01 12:25:53] Copied: upcoming_events_ingest_summary.json
[2026-04-01 12:25:53] Updating run index...
[2026-04-01 12:25:53] ERROR: Cannot convert 'System.Object[]' to the type 'System.String' required by parameter 'InputObject'. Specified method is not supported.
[2026-04-01 12:25:53] Stack: at <ScriptBlock>, C:\ai_risa_data\schedule_full_pipeline_dry_run.ps1: line 177
at <ScriptBlock>, <No file>: line 1
