[2026-04-01 13:37:56] === AI-RISA Pipeline: NORMAL RUN ===
[2026-04-01 13:37:56] Start time: 2026-04-01 13:37:56
[2026-04-01 13:37:56] Run folder: C:\ai_risa_data\runs\2026-04-01_133755
[2026-04-01 13:37:56] Formats: md docx pdf
[2026-04-01 13:37:57] Executing: C:\Users\jusin\AppData\Local\Python\pythoncore-3.14-64\python.exe .\run_full_pipeline_auto.py --formats md --formats docx --formats pdf
[2026-04-01 13:41:40] Pipeline output:
[2026-04-01 13:41:40]   [DONE] Full pipeline run summary written: output\full_pipeline_run_summary.json, output\full_pipeline_run_summary.csv
[2026-04-01 13:41:40] Exit code: 0
[2026-04-01 13:41:40] Collecting artifacts...
[2026-04-01 13:41:40] Copied: full_pipeline_run_summary.json
[2026-04-01 13:41:40] Copied: upcoming_auto_summary.json
[2026-04-01 13:41:40] Copied: dependency_resolution_summary.json
[2026-04-01 13:41:40] Copied: prediction_queue_build_summary.json
[2026-04-01 13:41:40] Copied: prediction_queue_run_summary.json
[2026-04-01 13:41:40] Copied: event_batch_run_summary.json
[2026-04-01 13:41:40] Copied: upcoming_events_ingest_summary.json
[2026-04-01 13:41:40] Updating run index...
[2026-04-01 13:41:40] Run index updated: C:\ai_risa_data\runs\run_history_index.json (5 runs recorded)
[2026-04-01 13:41:40] === Execution complete ===
[2026-04-01 13:41:40] End time: 2026-04-01 13:41:40
[2026-04-01 13:41:40] Status: success
